Using pre-set license
Built from '2021.3/release' branch; Version is '2021.3.12f1 (8af3c3e441b1) revision 9106371'; Using compiler version '192829333'; Build Type 'Release'
OS: 'Windows 10  (10.0.18363) 64bit Professional' Language: 'ko' Physical Memory: 16342 MB
BatchMode: 1, IsHumanControllingUs: 0, StartBugReporterOnCrash: 0, Is64bit: 1, IsPro: 1

COMMAND LINE ARGUMENTS:
C:\Program Files\Unity\Hub\Editor\2021.3.12f1\Editor\Unity.exe
-adb2
-batchMode
-noUpm
-name
AssetImportWorker1
-projectPath
D:/user(중요자료_삭제금지)/Desktop/Apocalypse/Apocalypse
-logFile
Logs/AssetImportWorker1.log
-srvPort
8125
Successfully changed project path to: D:/user(중요자료_삭제금지)/Desktop/Apocalypse/Apocalypse
D:/user(중요자료_삭제금지)/Desktop/Apocalypse/Apocalypse
[UnityMemory] Configuration Parameters - Can be set up in boot.config
    "memorysetup-bucket-allocator-granularity=16"
    "memorysetup-bucket-allocator-bucket-count=8"
    "memorysetup-bucket-allocator-block-size=33554432"
    "memorysetup-bucket-allocator-block-count=8"
    "memorysetup-main-allocator-block-size=16777216"
    "memorysetup-thread-allocator-block-size=16777216"
    "memorysetup-gfx-main-allocator-block-size=16777216"
    "memorysetup-gfx-thread-allocator-block-size=16777216"
    "memorysetup-cache-allocator-block-size=4194304"
    "memorysetup-typetree-allocator-block-size=2097152"
    "memorysetup-profiler-bucket-allocator-granularity=16"
    "memorysetup-profiler-bucket-allocator-bucket-count=8"
    "memorysetup-profiler-bucket-allocator-block-size=33554432"
    "memorysetup-profiler-bucket-allocator-block-count=8"
    "memorysetup-profiler-allocator-block-size=16777216"
    "memorysetup-profiler-editor-allocator-block-size=1048576"
    "memorysetup-temp-allocator-size-main=16777216"
    "memorysetup-job-temp-allocator-block-size=2097152"
    "memorysetup-job-temp-allocator-block-size-background=1048576"
    "memorysetup-job-temp-allocator-reduction-small-platforms=262144"
    "memorysetup-temp-allocator-size-background-worker=32768"
    "memorysetup-temp-allocator-size-job-worker=262144"
    "memorysetup-temp-allocator-size-preload-manager=33554432"
    "memorysetup-temp-allocator-size-nav-mesh-worker=65536"
    "memorysetup-temp-allocator-size-audio-worker=65536"
    "memorysetup-temp-allocator-size-cloud-worker=32768"
    "memorysetup-temp-allocator-size-gi-baking-worker=262144"
    "memorysetup-temp-allocator-size-gfx=262144"
Refreshing native plugins compatible for Editor in 158.91 ms, found 4 plugins.
Preloading 0 native plugins for Editor in 0.00 ms.
Initialize engine version: 2021.3.12f1 (8af3c3e441b1)
[Subsystems] Discovering subsystems at path C:/Program Files/Unity/Hub/Editor/2021.3.12f1/Editor/Data/Resources/UnitySubsystems
[Subsystems] Discovering subsystems at path D:/user(중요자료_삭제금지)/Desktop/Apocalypse/Apocalypse/Assets
GfxDevice: creating device client; threaded=0; jobified=0
Direct3D:
    Version:  Direct3D 11.0 [level 11.1]
    Renderer: NVIDIA GeForce GTX 1060 3GB (ID=0x1c02)
    Vendor:   NVIDIA
    VRAM:     2988 MB
    Driver:   31.0.15.1694
Initialize mono
Mono path[0] = 'C:/Program Files/Unity/Hub/Editor/2021.3.12f1/Editor/Data/Managed'
Mono path[1] = 'C:/Program Files/Unity/Hub/Editor/2021.3.12f1/Editor/Data/MonoBleedingEdge/lib/mono/unityjit-win32'
Mono config path = 'C:/Program Files/Unity/Hub/Editor/2021.3.12f1/Editor/Data/MonoBleedingEdge/etc'
Using monoOptions --debugger-agent=transport=dt_socket,embedding=1,server=y,suspend=n,address=127.0.0.1:56916
Begin MonoManager ReloadAssembly
Registering precompiled unity dll's ...
Register platform support module: C:/Program Files/Unity/Hub/Editor/2021.3.12f1/Editor/Data/PlaybackEngines/WindowsStandaloneSupport/UnityEditor.WindowsStandalone.Extensions.dll
Registered in 0.014389 seconds.
Native extension for WindowsStandalone target not found
Refreshing native plugins compatible for Editor in 116.28 ms, found 4 plugins.
Preloading 0 native plugins for Editor in 0.00 ms.
Mono: successfully reloaded assembly
- Completed reload, in  0.886 seconds
Domain Reload Profiling:
	ReloadAssembly (886ms)
		BeginReloadAssembly (122ms)
			ExecutionOrderSort (0ms)
			DisableScriptedObjects (0ms)
			BackupInstance (0ms)
			ReleaseScriptingObjects (0ms)
			CreateAndSetChildDomain (1ms)
		EndReloadAssembly (601ms)
			LoadAssemblies (118ms)
			RebuildTransferFunctionScriptingTraits (0ms)
			SetupTypeCache (135ms)
			ReleaseScriptCaches (0ms)
			RebuildScriptCaches (35ms)
			SetupLoadedEditorAssemblies (356ms)
				LogAssemblyErrors (0ms)
				InitializePlatformSupportModulesInManaged (12ms)
				SetLoadedEditorAssemblies (0ms)
				RefreshPlugins (116ms)
				BeforeProcessingInitializeOnLoad (1ms)
				ProcessInitializeOnLoadAttributes (151ms)
				ProcessInitializeOnLoadMethodAttributes (74ms)
				AfterProcessingInitializeOnLoad (0ms)
				EditorAssembliesLoaded (0ms)
			ExecutionOrderSort2 (0ms)
			AwakeInstancesAfterBackupRestoration (0ms)
Platform modules already initialized, skipping
Registering precompiled user dll's ...
Registered in 0.008306 seconds.
Begin MonoManager ReloadAssembly
Symbol file LoadedFromMemory doesn't match image D:\user(중요자료_삭제금지)\Desktop\Apocalypse\Apocalypse\Library\PackageCache\com.unity.visualscripting@1.7.8\Editor\VisualScripting.Core\Dependencies\YamlDotNet\Unity.VisualScripting.YamlDotNet.dll
Symbol file LoadedFromMemory doesn't match image D:\user(중요자료_삭제금지)\Desktop\Apocalypse\Apocalypse\Library\PackageCache\com.unity.visualscripting@1.7.8\Editor\VisualScripting.Core\Dependencies\DotNetZip\Unity.VisualScripting.IonicZip.dll
Native extension for WindowsStandalone target not found
Refreshing native plugins compatible for Editor in 286.62 ms, found 4 plugins.
Preloading 0 native plugins for Editor in 0.00 ms.
Mono: successfully reloaded assembly
- Completed reload, in  1.983 seconds
Domain Reload Profiling:
	ReloadAssembly (1985ms)
		BeginReloadAssembly (192ms)
			ExecutionOrderSort (0ms)
			DisableScriptedObjects (10ms)
			BackupInstance (0ms)
			ReleaseScriptingObjects (0ms)
			CreateAndSetChildDomain (27ms)
		EndReloadAssembly (1609ms)
			LoadAssemblies (169ms)
			RebuildTransferFunctionScriptingTraits (0ms)
			SetupTypeCache (384ms)
			ReleaseScriptCaches (1ms)
			RebuildScriptCaches (73ms)
			SetupLoadedEditorAssemblies (942ms)
				LogAssemblyErrors (0ms)
				InitializePlatformSupportModulesInManaged (9ms)
				SetLoadedEditorAssemblies (0ms)
				RefreshPlugins (287ms)
				BeforeProcessingInitializeOnLoad (176ms)
				ProcessInitializeOnLoadAttributes (384ms)
				ProcessInitializeOnLoadMethodAttributes (66ms)
				AfterProcessingInitializeOnLoad (21ms)
				EditorAssembliesLoaded (0ms)
			ExecutionOrderSort2 (0ms)
			AwakeInstancesAfterBackupRestoration (21ms)
Platform modules already initialized, skipping
========================================================================
Worker process is ready to serve import requests
Launched and connected shader compiler UnityShaderCompiler.exe after 0.08 seconds
Refreshing native plugins compatible for Editor in 0.95 ms, found 4 plugins.
Preloading 0 native plugins for Editor in 0.00 ms.
Unloading 4083 Unused Serialized files (Serialized files now loaded: 0)
Unloading 44 unused Assets / (229.0 KB). Loaded Objects now: 4535.
Memory consumption went from 152.0 MB to 151.8 MB.
Total: 3.874500 ms (FindLiveObjects: 0.367400 ms CreateObjectMapping: 0.321800 ms MarkObjects: 2.999000 ms  DeleteObjects: 0.184900 ms)

AssetImportParameters requested are different than current active one (requested -> active):
  custom:video-decoder-ogg-theora: a1e56fd34408186e4bbccfd4996cb3dc -> 
  custom:container-muxer-webm: aa71ff27fc2769a1b78a27578f13a17b -> 
  custom:container-demuxer-webm: 4f35f7cbe854078d1ac9338744f61a02 -> 
  custom:video-encoder-webm-vp8: eb34c28f22e8b96e1ab97ce403110664 -> 
  custom:video-codec-MediaFoundation-h265: 746d11721c4dcdbdad8f713fa42b33f4 -> 
  custom:audio-encoder-webm-vorbis: bf7c407c2cedff20999df2af8eb42d56 -> 
  custom:framework-win-MediaFoundation: 216162199b28c13a410421893ffa2e32 -> 
  custom:container-demuxer-ogg: 62fdf1f143b41e24485cea50d1cbac27 -> 
  custom:video-decoder-webm-vp8: 9c59270c3fd7afecdb556c50c9e8de78 -> 
  custom:audio-decoder-ogg-vorbis: bf7c407c2cedff20999df2af8eb42d56 -> 
========================================================================
Received Import Request.
  Time since last request: 5360215.802702 seconds.
  path: Assets/AnimalPrefab/Cheetah2.prefab
  artifactKey: Guid(c007ae5a9700e9545af9c6466cd3d5e3) Importer(815301076,1909f56bfc062723c751e8b465ee728b)
Start importing Assets/AnimalPrefab/Cheetah2.prefab using Guid(c007ae5a9700e9545af9c6466cd3d5e3) Importer(815301076,1909f56bfc062723c751e8b465ee728b)  -> (artifact id: 'b23db4b334ad3f11774632c3a06c6a11') in 0.319625 seconds 
========================================================================
Received Import Request.
  Time since last request: 0.000025 seconds.
  path: Assets/AnimalPrefab/Cheetah2.prefab
  artifactKey: Guid(c007ae5a9700e9545af9c6466cd3d5e3) Importer(815301076,1909f56bfc062723c751e8b465ee728b)
Start importing Assets/AnimalPrefab/Cheetah2.prefab using Guid(c007ae5a9700e9545af9c6466cd3d5e3) Importer(815301076,1909f56bfc062723c751e8b465ee728b)  -> (artifact id: 'b23db4b334ad3f11774632c3a06c6a11') in 0.013058 seconds 
========================================================================
Received Prepare
Registering precompiled user dll's ...
Registered in 0.009490 seconds.
Begin MonoManager ReloadAssembly
Symbol file LoadedFromMemory doesn't match image D:\user(중요자료_삭제금지)\Desktop\Apocalypse\Apocalypse\Library\PackageCache\com.unity.visualscripting@1.7.8\Editor\VisualScripting.Core\Dependencies\YamlDotNet\Unity.VisualScripting.YamlDotNet.dll
Symbol file LoadedFromMemory doesn't match image D:\user(중요자료_삭제금지)\Desktop\Apocalypse\Apocalypse\Library\PackageCache\com.unity.visualscripting@1.7.8\Editor\VisualScripting.Core\Dependencies\DotNetZip\Unity.VisualScripting.IonicZip.dll
Native extension for WindowsStandalone target not found
Refreshing native plugins compatible for Editor in 1.24 ms, found 4 plugins.
Preloading 0 native plugins for Editor in 0.00 ms.
Mono: successfully reloaded assembly
- Completed reload, in  2.723 seconds
Domain Reload Profiling:
	ReloadAssembly (2724ms)
		BeginReloadAssembly (237ms)
			ExecutionOrderSort (0ms)
			DisableScriptedObjects (9ms)
			BackupInstance (0ms)
			ReleaseScriptingObjects (0ms)
			CreateAndSetChildDomain (49ms)
		EndReloadAssembly (2176ms)
			LoadAssemblies (238ms)
			RebuildTransferFunctionScriptingTraits (0ms)
			SetupTypeCache (443ms)
			ReleaseScriptCaches (1ms)
			RebuildScriptCaches (87ms)
			SetupLoadedEditorAssemblies (939ms)
				LogAssemblyErrors (0ms)
				InitializePlatformSupportModulesInManaged (42ms)
				SetLoadedEditorAssemblies (1ms)
				RefreshPlugins (1ms)
				BeforeProcessingInitializeOnLoad (243ms)
				ProcessInitializeOnLoadAttributes (572ms)
				ProcessInitializeOnLoadMethodAttributes (58ms)
				AfterProcessingInitializeOnLoad (22ms)
				EditorAssembliesLoaded (0ms)
			ExecutionOrderSort2 (0ms)
			AwakeInstancesAfterBackupRestoration (46ms)
Platform modules already initialized, skipping
Refreshing native plugins compatible for Editor in 2.57 ms, found 4 plugins.
Preloading 0 native plugins for Editor in 0.00 ms.
Unloading 4078 Unused Serialized files (Serialized files now loaded: 0)
Unloading 31 unused Assets / (195.6 KB). Loaded Objects now: 4546.
Memory consumption went from 156.3 MB to 156.1 MB.
Total: 6.220700 ms (FindLiveObjects: 0.369100 ms CreateObjectMapping: 0.352700 ms MarkObjects: 4.970900 ms  DeleteObjects: 0.526500 ms)

AssetImportParameters requested are different than current active one (requested -> active):
  custom:video-decoder-ogg-theora: a1e56fd34408186e4bbccfd4996cb3dc -> 
  custom:container-muxer-webm: aa71ff27fc2769a1b78a27578f13a17b -> 
  custom:container-demuxer-webm: 4f35f7cbe854078d1ac9338744f61a02 -> 
  custom:video-encoder-webm-vp8: eb34c28f22e8b96e1ab97ce403110664 -> 
  custom:video-codec-MediaFoundation-h265: 746d11721c4dcdbdad8f713fa42b33f4 -> 
  custom:audio-encoder-webm-vorbis: bf7c407c2cedff20999df2af8eb42d56 -> 
  custom:framework-win-MediaFoundation: 216162199b28c13a410421893ffa2e32 -> 
  custom:container-demuxer-ogg: 62fdf1f143b41e24485cea50d1cbac27 -> 
  custom:video-decoder-webm-vp8: 9c59270c3fd7afecdb556c50c9e8de78 -> 
  custom:audio-decoder-ogg-vorbis: bf7c407c2cedff20999df2af8eb42d56 -> 
========================================================================
Received Import Request.
  Time since last request: 70.046000 seconds.
  path: Assets/AnimalImage/Cheetah2.png
  artifactKey: Guid(3c2f976ee05439043885061564eeadbe) Importer(815301076,1909f56bfc062723c751e8b465ee728b)
Start importing Assets/AnimalImage/Cheetah2.png using Guid(3c2f976ee05439043885061564eeadbe) Importer(815301076,1909f56bfc062723c751e8b465ee728b)  -> (artifact id: 'e51b419b7a900b23ec8461335a9ee030') in 0.271808 seconds 
========================================================================
Received Import Request.
  Time since last request: 0.000026 seconds.
  path: Assets/AnimalImage/snake2.png
  artifactKey: Guid(529ea3ce45305cb46a0ead39ff2287ff) Importer(815301076,1909f56bfc062723c751e8b465ee728b)
Start importing Assets/AnimalImage/snake2.png using Guid(529ea3ce45305cb46a0ead39ff2287ff) Importer(815301076,1909f56bfc062723c751e8b465ee728b)  -> (artifact id: '47be6ef1fc3a12442188cd48d2900114') in 0.038506 seconds 
========================================================================
Received Import Request.
  Time since last request: 0.000070 seconds.
  path: Assets/AnimalImage/hippo.png
  artifactKey: Guid(f8a550e1bbc013b42b83949c96916200) Importer(815301076,1909f56bfc062723c751e8b465ee728b)
Start importing Assets/AnimalImage/hippo.png using Guid(f8a550e1bbc013b42b83949c96916200) Importer(815301076,1909f56bfc062723c751e8b465ee728b)  -> (artifact id: '4265bab04b19c8d08378a1e301b0780b') in 0.044022 seconds 
========================================================================
Received Import Request.
  Time since last request: 0.000022 seconds.
  path: Assets/AnimalImage/rabbit2.png
  artifactKey: Guid(f3c7335ace19e2f43bf0b1a555e189b1) Importer(815301076,1909f56bfc062723c751e8b465ee728b)
Start importing Assets/AnimalImage/rabbit2.png using Guid(f3c7335ace19e2f43bf0b1a555e189b1) Importer(815301076,1909f56bfc062723c751e8b465ee728b)  -> (artifact id: '55f5df2528570549e12cb5a2ac9018c5') in 0.034530 seconds 
========================================================================
Received Import Request.
  Time since last request: 0.000024 seconds.
  path: Assets/AnimalImage/snake.png
  artifactKey: Guid(c3c707c532e25ef438ac3b46316ad903) Importer(815301076,1909f56bfc062723c751e8b465ee728b)
Start importing Assets/AnimalImage/snake.png using Guid(c3c707c532e25ef438ac3b46316ad903) Importer(815301076,1909f56bfc062723c751e8b465ee728b)  -> (artifact id: 'df5a5fa873caeee3965bc94d06403752') in 0.037103 seconds 
========================================================================
Received Import Request.
  Time since last request: 0.000024 seconds.
  path: Assets/AnimalImage/gazelle.png
  artifactKey: Guid(5fea7732dbfb2064a8987856324a1072) Importer(815301076,1909f56bfc062723c751e8b465ee728b)
Start importing Assets/AnimalImage/gazelle.png using Guid(5fea7732dbfb2064a8987856324a1072) Importer(815301076,1909f56bfc062723c751e8b465ee728b)  -> (artifact id: 'dfcebe9f4efd909c7c79d34c3492e5a6') in 0.047288 seconds 
========================================================================
Received Import Request.
  Time since last request: 0.000025 seconds.
  path: Assets/AnimalImage/Eagle2.png
  artifactKey: Guid(11eda26fd2dfd6e4d99a111cc111c204) Importer(815301076,1909f56bfc062723c751e8b465ee728b)
Start importing Assets/AnimalImage/Eagle2.png using Guid(11eda26fd2dfd6e4d99a111cc111c204) Importer(815301076,1909f56bfc062723c751e8b465ee728b)  -> (artifact id: '12a12c18304245870e0e839664633829') in 0.034884 seconds 
========================================================================
Received Import Request.
  Time since last request: 0.000038 seconds.
  path: Assets/AnimalImage/giraffe2.png
  artifactKey: Guid(43e0497f5ce0412469704623ba7c15e0) Importer(815301076,1909f56bfc062723c751e8b465ee728b)
Start importing Assets/AnimalImage/giraffe2.png using Guid(43e0497f5ce0412469704623ba7c15e0) Importer(815301076,1909f56bfc062723c751e8b465ee728b)  -> (artifact id: '98f07cd0765a1daafc916758d135f5ea') in 0.030885 seconds 
========================================================================
Received Import Request.
  Time since last request: 0.000025 seconds.
  path: Assets/AnimalImage/lion2.png
  artifactKey: Guid(3c406d3e06811824888676261ce4839e) Importer(815301076,1909f56bfc062723c751e8b465ee728b)
Start importing Assets/AnimalImage/lion2.png using Guid(3c406d3e06811824888676261ce4839e) Importer(815301076,1909f56bfc062723c751e8b465ee728b)  -> (artifact id: '71c3f08941f53bb6ff71b25f58866aeb') in 0.028820 seconds 
========================================================================
Received Import Request.
  Time since last request: 0.000024 seconds.
  path: Assets/AnimalImage/elephant2.png
  artifactKey: Guid(47ecc5b17acbb754b8a6d74bfbe9ad29) Importer(815301076,1909f56bfc062723c751e8b465ee728b)
Start importing Assets/AnimalImage/elephant2.png using Guid(47ecc5b17acbb754b8a6d74bfbe9ad29) Importer(815301076,1909f56bfc062723c751e8b465ee728b)  -> (artifact id: 'e74f6ea8019dace42b565bc765f2d5bf') in 0.035173 seconds 
========================================================================
Received Import Request.
  Time since last request: 0.000028 seconds.
  path: Assets/AnimalImage/hyena.png
  artifactKey: Guid(4de2bd03487857042852ca9c2feb5b97) Importer(815301076,1909f56bfc062723c751e8b465ee728b)
Start importing Assets/AnimalImage/hyena.png using Guid(4de2bd03487857042852ca9c2feb5b97) Importer(815301076,1909f56bfc062723c751e8b465ee728b)  -> (artifact id: 'a426dcbb1b4c8c84578761128335fc0f') in 0.093702 seconds 
========================================================================
Received Import Request.
  Time since last request: 0.000028 seconds.
  path: Assets/AnimalImage/hyena2.png
  artifactKey: Guid(dc16d4e19f782244eafa19d58d6ddcf7) Importer(815301076,1909f56bfc062723c751e8b465ee728b)
Start importing Assets/AnimalImage/hyena2.png using Guid(dc16d4e19f782244eafa19d58d6ddcf7) Importer(815301076,1909f56bfc062723c751e8b465ee728b)  -> (artifact id: '9648a45c26ff6bdebf82f8480af0fcb6') in 0.053909 seconds 
========================================================================
Received Import Request.
  Time since last request: 0.000213 seconds.
  path: Assets/AnimalImage/Rhino2.png
  artifactKey: Guid(4c7a2c9829ade6142b179a70960e55d1) Importer(815301076,1909f56bfc062723c751e8b465ee728b)
Start importing Assets/AnimalImage/Rhino2.png using Guid(4c7a2c9829ade6142b179a70960e55d1) Importer(815301076,1909f56bfc062723c751e8b465ee728b)  -> (artifact id: '5631ef102fd86ba890814edafabc72f7') in 0.059196 seconds 
========================================================================
Received Prepare
Registering precompiled user dll's ...
Registered in 0.026916 seconds.
Begin MonoManager ReloadAssembly
Symbol file LoadedFromMemory doesn't match image D:\user(중요자료_삭제금지)\Desktop\Apocalypse\Apocalypse\Library\PackageCache\com.unity.visualscripting@1.7.8\Editor\VisualScripting.Core\Dependencies\YamlDotNet\Unity.VisualScripting.YamlDotNet.dll
Symbol file LoadedFromMemory doesn't match image D:\user(중요자료_삭제금지)\Desktop\Apocalypse\Apocalypse\Library\PackageCache\com.unity.visualscripting@1.7.8\Editor\VisualScripting.Core\Dependencies\DotNetZip\Unity.VisualScripting.IonicZip.dll
Native extension for WindowsStandalone target not found
Refreshing native plugins compatible for Editor in 0.99 ms, found 4 plugins.
Preloading 0 native plugins for Editor in 0.00 ms.
Mono: successfully reloaded assembly
- Completed reload, in  5.045 seconds
Domain Reload Profiling:
	ReloadAssembly (5052ms)
		BeginReloadAssembly (326ms)
			ExecutionOrderSort (0ms)
			DisableScriptedObjects (17ms)
			BackupInstance (0ms)
			ReleaseScriptingObjects (0ms)
			CreateAndSetChildDomain (71ms)
		EndReloadAssembly (4454ms)
			LoadAssemblies (316ms)
			RebuildTransferFunctionScriptingTraits (0ms)
			SetupTypeCache (1109ms)
			ReleaseScriptCaches (4ms)
			RebuildScriptCaches (321ms)
			SetupLoadedEditorAssemblies (2343ms)
				LogAssemblyErrors (0ms)
				InitializePlatformSupportModulesInManaged (51ms)
				SetLoadedEditorAssemblies (1ms)
				RefreshPlugins (1ms)
				BeforeProcessingInitializeOnLoad (664ms)
				ProcessInitializeOnLoadAttributes (1155ms)
				ProcessInitializeOnLoadMethodAttributes (420ms)
				AfterProcessingInitializeOnLoad (50ms)
				EditorAssembliesLoaded (0ms)
			ExecutionOrderSort2 (0ms)
			AwakeInstancesAfterBackupRestoration (77ms)
Platform modules already initialized, skipping
Refreshing native plugins compatible for Editor in 5.30 ms, found 4 plugins.
Preloading 0 native plugins for Editor in 0.00 ms.
Unloading 4078 Unused Serialized files (Serialized files now loaded: 0)
Unloading 31 unused Assets / (195.6 KB). Loaded Objects now: 4552.
Memory consumption went from 156.4 MB to 156.2 MB.
Total: 8.949100 ms (FindLiveObjects: 0.594700 ms CreateObjectMapping: 0.277500 ms MarkObjects: 7.091500 ms  DeleteObjects: 0.984200 ms)

AssetImportParameters requested are different than current active one (requested -> active):
  custom:video-decoder-ogg-theora: a1e56fd34408186e4bbccfd4996cb3dc -> 
  custom:container-muxer-webm: aa71ff27fc2769a1b78a27578f13a17b -> 
  custom:container-demuxer-webm: 4f35f7cbe854078d1ac9338744f61a02 -> 
  custom:video-encoder-webm-vp8: eb34c28f22e8b96e1ab97ce403110664 -> 
  custom:video-codec-MediaFoundation-h265: 746d11721c4dcdbdad8f713fa42b33f4 -> 
  custom:audio-encoder-webm-vorbis: bf7c407c2cedff20999df2af8eb42d56 -> 
  custom:framework-win-MediaFoundation: 216162199b28c13a410421893ffa2e32 -> 
  custom:container-demuxer-ogg: 62fdf1f143b41e24485cea50d1cbac27 -> 
  custom:video-decoder-webm-vp8: 9c59270c3fd7afecdb556c50c9e8de78 -> 
  custom:audio-decoder-ogg-vorbis: bf7c407c2cedff20999df2af8eb42d56 -> 
Editor requested this worker to shutdown with reason: Scaling down because of idle timeout
AssetImportWorker is now disconnected from the server
Process exiting
Exiting without the bug reporter. Application will terminate with return code 0