Using pre-set license
Built from '2021.3/release' branch; Version is '2021.3.12f1 (8af3c3e441b1) revision 9106371'; Using compiler version '192829333'; Build Type 'Release'
OS: 'Windows 10  (10.0.19044) 64bit Professional' Language: 'ko' Physical Memory: 16125 MB
BatchMode: 1, IsHumanControllingUs: 0, StartBugReporterOnCrash: 0, Is64bit: 1, IsPro: 1

COMMAND LINE ARGUMENTS:
C:\Program Files\Unity\Hub\Editor\2021.3.12f1\Editor\Unity.exe
-adb2
-batchMode
-noUpm
-name
AssetImportWorker2
-projectPath
C:/Users/lam99/Documents/GitHub/apocal/Apocalypse
-logFile
Logs/AssetImportWorker2.log
-srvPort
9527
Successfully changed project path to: C:/Users/lam99/Documents/GitHub/apocal/Apocalypse
C:/Users/lam99/Documents/GitHub/apocal/Apocalypse
[UnityMemory] Configuration Parameters - Can be set up in boot.config
    "memorysetup-bucket-allocator-granularity=16"
    "memorysetup-bucket-allocator-bucket-count=8"
    "memorysetup-bucket-allocator-block-size=33554432"
    "memorysetup-bucket-allocator-block-count=8"
    "memorysetup-main-allocator-block-size=16777216"
    "memorysetup-thread-allocator-block-size=16777216"
    "memorysetup-gfx-main-allocator-block-size=16777216"
    "memorysetup-gfx-thread-allocator-block-size=16777216"
    "memorysetup-cache-allocator-block-size=4194304"
    "memorysetup-typetree-allocator-block-size=2097152"
    "memorysetup-profiler-bucket-allocator-granularity=16"
    "memorysetup-profiler-bucket-allocator-bucket-count=8"
    "memorysetup-profiler-bucket-allocator-block-size=33554432"
    "memorysetup-profiler-bucket-allocator-block-count=8"
    "memorysetup-profiler-allocator-block-size=16777216"
    "memorysetup-profiler-editor-allocator-block-size=1048576"
    "memorysetup-temp-allocator-size-main=16777216"
    "memorysetup-job-temp-allocator-block-size=2097152"
    "memorysetup-job-temp-allocator-block-size-background=1048576"
    "memorysetup-job-temp-allocator-reduction-small-platforms=262144"
    "memorysetup-temp-allocator-size-background-worker=32768"
    "memorysetup-temp-allocator-size-job-worker=262144"
    "memorysetup-temp-allocator-size-preload-manager=33554432"
    "memorysetup-temp-allocator-size-nav-mesh-worker=65536"
    "memorysetup-temp-allocator-size-audio-worker=65536"
    "memorysetup-temp-allocator-size-cloud-worker=32768"
    "memorysetup-temp-allocator-size-gi-baking-worker=262144"
    "memorysetup-temp-allocator-size-gfx=262144"
Refreshing native plugins compatible for Editor in 60.83 ms, found 4 plugins.
Preloading 0 native plugins for Editor in 0.00 ms.
Initialize engine version: 2021.3.12f1 (8af3c3e441b1)
[Subsystems] Discovering subsystems at path C:/Program Files/Unity/Hub/Editor/2021.3.12f1/Editor/Data/Resources/UnitySubsystems
[Subsystems] Discovering subsystems at path C:/Users/lam99/Documents/GitHub/apocal/Apocalypse/Assets
GfxDevice: creating device client; threaded=0; jobified=0
Direct3D:
    Version:  Direct3D 11.0 [level 11.1]
    Renderer: NVIDIA GeForce GTX 1660 Ti (ID=0x2182)
    Vendor:   NVIDIA
    VRAM:     5991 MB
    Driver:   31.0.15.1694
Initialize mono
Mono path[0] = 'C:/Program Files/Unity/Hub/Editor/2021.3.12f1/Editor/Data/Managed'
Mono path[1] = 'C:/Program Files/Unity/Hub/Editor/2021.3.12f1/Editor/Data/MonoBleedingEdge/lib/mono/unityjit-win32'
Mono config path = 'C:/Program Files/Unity/Hub/Editor/2021.3.12f1/Editor/Data/MonoBleedingEdge/etc'
Using monoOptions --debugger-agent=transport=dt_socket,embedding=1,server=y,suspend=n,address=127.0.0.1:56752
Begin MonoManager ReloadAssembly
Registering precompiled unity dll's ...
Register platform support module: C:/Program Files/Unity/Hub/Editor/2021.3.12f1/Editor/Data/PlaybackEngines/AndroidPlayer/UnityEditor.Android.Extensions.dll
Register platform support module: C:/Program Files/Unity/Hub/Editor/2021.3.12f1/Editor/Data/PlaybackEngines/WindowsStandaloneSupport/UnityEditor.WindowsStandalone.Extensions.dll
Registered in 0.004536 seconds.
Native extension for WindowsStandalone target not found
Native extension for Android target not found
Refreshing native plugins compatible for Editor in 61.19 ms, found 4 plugins.
Preloading 0 native plugins for Editor in 0.00 ms.
Mono: successfully reloaded assembly
- Completed reload, in  0.441 seconds
Domain Reload Profiling:
	ReloadAssembly (441ms)
		BeginReloadAssembly (47ms)
			ExecutionOrderSort (0ms)
			DisableScriptedObjects (0ms)
			BackupInstance (0ms)
			ReleaseScriptingObjects (0ms)
			CreateAndSetChildDomain (0ms)
		EndReloadAssembly (321ms)
			LoadAssemblies (46ms)
			RebuildTransferFunctionScriptingTraits (0ms)
			SetupTypeCache (75ms)
			ReleaseScriptCaches (0ms)
			RebuildScriptCaches (17ms)
			SetupLoadedEditorAssemblies (195ms)
				LogAssemblyErrors (0ms)
				InitializePlatformSupportModulesInManaged (38ms)
				SetLoadedEditorAssemblies (1ms)
				RefreshPlugins (61ms)
				BeforeProcessingInitializeOnLoad (1ms)
				ProcessInitializeOnLoadAttributes (63ms)
				ProcessInitializeOnLoadMethodAttributes (29ms)
				AfterProcessingInitializeOnLoad (0ms)
				EditorAssembliesLoaded (0ms)
			ExecutionOrderSort2 (0ms)
			AwakeInstancesAfterBackupRestoration (0ms)
Platform modules already initialized, skipping
Registering precompiled user dll's ...
Registered in 0.005203 seconds.
Begin MonoManager ReloadAssembly
Symbol file LoadedFromMemory doesn't match image C:\Users\lam99\Documents\GitHub\apocal\Apocalypse\Library\PackageCache\com.unity.visualscripting@1.7.8\Editor\VisualScripting.Core\Dependencies\YamlDotNet\Unity.VisualScripting.YamlDotNet.dll
Symbol file LoadedFromMemory doesn't match image C:\Users\lam99\Documents\GitHub\apocal\Apocalypse\Library\PackageCache\com.unity.visualscripting@1.7.8\Editor\VisualScripting.Core\Dependencies\DotNetZip\Unity.VisualScripting.IonicZip.dll
Native extension for WindowsStandalone target not found
Native extension for Android target not found
Refreshing native plugins compatible for Editor in 63.70 ms, found 4 plugins.
Preloading 0 native plugins for Editor in 0.00 ms.
Mono: successfully reloaded assembly
- Completed reload, in  0.900 seconds
Domain Reload Profiling:
	ReloadAssembly (900ms)
		BeginReloadAssembly (177ms)
			ExecutionOrderSort (0ms)
			DisableScriptedObjects (4ms)
			BackupInstance (0ms)
			ReleaseScriptingObjects (0ms)
			CreateAndSetChildDomain (116ms)
		EndReloadAssembly (626ms)
			LoadAssemblies (58ms)
			RebuildTransferFunctionScriptingTraits (0ms)
			SetupTypeCache (160ms)
			ReleaseScriptCaches (0ms)
			RebuildScriptCaches (41ms)
			SetupLoadedEditorAssemblies (330ms)
				LogAssemblyErrors (0ms)
				InitializePlatformSupportModulesInManaged (9ms)
				SetLoadedEditorAssemblies (0ms)
				RefreshPlugins (64ms)
				BeforeProcessingInitializeOnLoad (65ms)
				ProcessInitializeOnLoadAttributes (153ms)
				ProcessInitializeOnLoadMethodAttributes (30ms)
				AfterProcessingInitializeOnLoad (9ms)
				EditorAssembliesLoaded (0ms)
			ExecutionOrderSort2 (0ms)
			AwakeInstancesAfterBackupRestoration (4ms)
Platform modules already initialized, skipping
========================================================================
Worker process is ready to serve import requests
Launched and connected shader compiler UnityShaderCompiler.exe after 0.03 seconds
Refreshing native plugins compatible for Editor in 0.49 ms, found 4 plugins.
Preloading 0 native plugins for Editor in 0.00 ms.
Unloading 4084 Unused Serialized files (Serialized files now loaded: 0)
Unloading 44 unused Assets / (229.1 KB). Loaded Objects now: 4538.
Memory consumption went from 156.8 MB to 156.6 MB.
Total: 3.056600 ms (FindLiveObjects: 0.184500 ms CreateObjectMapping: 0.089800 ms MarkObjects: 2.667500 ms  DeleteObjects: 0.113600 ms)

AssetImportParameters requested are different than current active one (requested -> active):
  custom:video-decoder-ogg-theora: a1e56fd34408186e4bbccfd4996cb3dc -> 
  custom:container-muxer-webm: aa71ff27fc2769a1b78a27578f13a17b -> 
  custom:container-demuxer-webm: 4f35f7cbe854078d1ac9338744f61a02 -> 
  custom:video-encoder-webm-vp8: eb34c28f22e8b96e1ab97ce403110664 -> 
  custom:audio-encoder-webm-vorbis: bf7c407c2cedff20999df2af8eb42d56 -> 
  custom:framework-win-MediaFoundation: 216162199b28c13a410421893ffa2e32 -> 
  custom:container-demuxer-ogg: 62fdf1f143b41e24485cea50d1cbac27 -> 
  custom:video-decoder-webm-vp8: 9c59270c3fd7afecdb556c50c9e8de78 -> 
  custom:audio-decoder-ogg-vorbis: bf7c407c2cedff20999df2af8eb42d56 -> 
========================================================================
Received Import Request.
  Time since last request: 1306712.398532 seconds.
  path: Assets/Ruslan Kim/Stylized hex fields/Art/decor/tree06.png
  artifactKey: Guid(81ba7979999cc40f68aafa484f1a1a3d) Importer(815301076,1909f56bfc062723c751e8b465ee728b)
Start importing Assets/Ruslan Kim/Stylized hex fields/Art/decor/tree06.png using Guid(81ba7979999cc40f68aafa484f1a1a3d) Importer(815301076,1909f56bfc062723c751e8b465ee728b)  -> (artifact id: '9ddbab4f375a454cc0f3f97f56409d88') in 0.077276 seconds 
========================================================================
Received Import Request.
  Time since last request: 0.000023 seconds.
  path: Assets/Ruslan Kim/Stylized hex fields/Art/decor/rock03.png
  artifactKey: Guid(15f46a582d8f7417694c04fd20c74f20) Importer(815301076,1909f56bfc062723c751e8b465ee728b)
Start importing Assets/Ruslan Kim/Stylized hex fields/Art/decor/rock03.png using Guid(15f46a582d8f7417694c04fd20c74f20) Importer(815301076,1909f56bfc062723c751e8b465ee728b)  -> (artifact id: '7d1d755284847cc7736ca1065e0fb9e3') in 0.011809 seconds 
========================================================================
Received Import Request.
  Time since last request: 0.000079 seconds.
  path: Assets/Ruslan Kim/Stylized hex fields/Art/decor/flowers01.png
  artifactKey: Guid(257f1e702ac134b94b631fd90dd5221b) Importer(815301076,1909f56bfc062723c751e8b465ee728b)
Start importing Assets/Ruslan Kim/Stylized hex fields/Art/decor/flowers01.png using Guid(257f1e702ac134b94b631fd90dd5221b) Importer(815301076,1909f56bfc062723c751e8b465ee728b)  -> (artifact id: '42884aa1383be5e5798064a61a2f8d36') in 0.014565 seconds 
========================================================================
Received Import Request.
  Time since last request: 0.000015 seconds.
  path: Assets/Ruslan Kim/Stylized hex fields/Art/hexes fields/hexSand.png
  artifactKey: Guid(eaead784df072484b81f925c165fb034) Importer(815301076,1909f56bfc062723c751e8b465ee728b)
Start importing Assets/Ruslan Kim/Stylized hex fields/Art/hexes fields/hexSand.png using Guid(eaead784df072484b81f925c165fb034) Importer(815301076,1909f56bfc062723c751e8b465ee728b)  -> (artifact id: '5424074527fc2b08d384840610ada888') in 0.025856 seconds 
========================================================================
Received Import Request.
  Time since last request: 0.000018 seconds.
  path: Assets/Ruslan Kim/Stylized hex fields/Art/hexes fields/hexWater01.png
  artifactKey: Guid(fc92294dfb11144e08b5b59505f0cc64) Importer(815301076,1909f56bfc062723c751e8b465ee728b)
Start importing Assets/Ruslan Kim/Stylized hex fields/Art/hexes fields/hexWater01.png using Guid(fc92294dfb11144e08b5b59505f0cc64) Importer(815301076,1909f56bfc062723c751e8b465ee728b)  -> (artifact id: '5845a0de090fa752fae02378291f0081') in 0.023244 seconds 
========================================================================
Received Import Request.
  Time since last request: 0.000015 seconds.
  path: Assets/Ruslan Kim/Stylized hex fields/Art/decor/sheep.png
  artifactKey: Guid(514d9a02145b649288e48e41eb5e6b3e) Importer(815301076,1909f56bfc062723c751e8b465ee728b)
Start importing Assets/Ruslan Kim/Stylized hex fields/Art/decor/sheep.png using Guid(514d9a02145b649288e48e41eb5e6b3e) Importer(815301076,1909f56bfc062723c751e8b465ee728b)  -> (artifact id: 'f425052aa699ecc3fa5a12d1ecf7e29e') in 0.011095 seconds 
========================================================================
Received Import Request.
  Time since last request: 0.000016 seconds.
  path: Assets/Ruslan Kim/Stylized hex fields/Art/decor/rock08.png
  artifactKey: Guid(5804ce9ec9d3f46b2899ca8943cad25c) Importer(815301076,1909f56bfc062723c751e8b465ee728b)
Start importing Assets/Ruslan Kim/Stylized hex fields/Art/decor/rock08.png using Guid(5804ce9ec9d3f46b2899ca8943cad25c) Importer(815301076,1909f56bfc062723c751e8b465ee728b)  -> (artifact id: '3dd2f004bf602f513ac27f654a9f2eea') in 0.010316 seconds 
========================================================================
Received Import Request.
  Time since last request: 0.000017 seconds.
  path: Assets/Ruslan Kim/Stylized hex fields/Art/hexes fields/hexGrass03.png
  artifactKey: Guid(e3fb4bfee1850477992eaa58082c42e8) Importer(815301076,1909f56bfc062723c751e8b465ee728b)
Start importing Assets/Ruslan Kim/Stylized hex fields/Art/hexes fields/hexGrass03.png using Guid(e3fb4bfee1850477992eaa58082c42e8) Importer(815301076,1909f56bfc062723c751e8b465ee728b)  -> (artifact id: 'e61a7ecf6ca3de56df945d890b80eaf4') in 0.021250 seconds 
========================================================================
Received Import Request.
  Time since last request: 0.000016 seconds.
  path: Assets/Ruslan Kim/Stylized hex fields/Art/decor/rock07.png
  artifactKey: Guid(e4f8ad91675554b9286f07ed59c2ebd8) Importer(815301076,1909f56bfc062723c751e8b465ee728b)
Start importing Assets/Ruslan Kim/Stylized hex fields/Art/decor/rock07.png using Guid(e4f8ad91675554b9286f07ed59c2ebd8) Importer(815301076,1909f56bfc062723c751e8b465ee728b)  -> (artifact id: 'f22927e5715bfc0632cef4203b161341') in 0.011081 seconds 
========================================================================
Received Import Request.
  Time since last request: 0.000015 seconds.
  path: Assets/Ruslan Kim/Stylized hex fields/Art/decor/trees.png
  artifactKey: Guid(cd97e89a0f414485d94803da771bc1e7) Importer(815301076,1909f56bfc062723c751e8b465ee728b)
Start importing Assets/Ruslan Kim/Stylized hex fields/Art/decor/trees.png using Guid(cd97e89a0f414485d94803da771bc1e7) Importer(815301076,1909f56bfc062723c751e8b465ee728b)  -> (artifact id: '1c5f29cec931dc20d2d5e7b08dc20028') in 0.020729 seconds 
========================================================================
Received Import Request.
  Time since last request: 0.000018 seconds.
  path: Assets/Ruslan Kim/Stylized hex fields/Art/decor/rock05.png
  artifactKey: Guid(8f4f85ba5e7604e81b24739191485e16) Importer(815301076,1909f56bfc062723c751e8b465ee728b)
Start importing Assets/Ruslan Kim/Stylized hex fields/Art/decor/rock05.png using Guid(8f4f85ba5e7604e81b24739191485e16) Importer(815301076,1909f56bfc062723c751e8b465ee728b)  -> (artifact id: '2573a216d41b8434094bfb28cdf0152e') in 0.012138 seconds 
========================================================================
Received Import Request.
  Time since last request: 0.000016 seconds.
  path: Assets/Ruslan Kim/Stylized hex fields/Art/decor/rock01.png
  artifactKey: Guid(1f7f7ad7316b441738595832b6dcb45b) Importer(815301076,1909f56bfc062723c751e8b465ee728b)
Start importing Assets/Ruslan Kim/Stylized hex fields/Art/decor/rock01.png using Guid(1f7f7ad7316b441738595832b6dcb45b) Importer(815301076,1909f56bfc062723c751e8b465ee728b)  -> (artifact id: 'd4909ed4a3f1871745e31e89ed58ed07') in 0.011308 seconds 
========================================================================
Received Import Request.
  Time since last request: 0.000014 seconds.
  path: Assets/Ruslan Kim/Stylized hex fields/Art/decor/mountain02.png
  artifactKey: Guid(26b843c8437ee4538bc64c20f8b31b99) Importer(815301076,1909f56bfc062723c751e8b465ee728b)
Start importing Assets/Ruslan Kim/Stylized hex fields/Art/decor/mountain02.png using Guid(26b843c8437ee4538bc64c20f8b31b99) Importer(815301076,1909f56bfc062723c751e8b465ee728b)  -> (artifact id: '6bcdd7b52b89bb10a8690966b6c99fdd') in 0.024992 seconds 
========================================================================
Received Import Request.
  Time since last request: 0.000018 seconds.
  path: Assets/Ruslan Kim/Stylized hex fields/Art/decor/flowers03.png
  artifactKey: Guid(1e5510febb9ad405b9b49fa8528344d7) Importer(815301076,1909f56bfc062723c751e8b465ee728b)
Start importing Assets/Ruslan Kim/Stylized hex fields/Art/decor/flowers03.png using Guid(1e5510febb9ad405b9b49fa8528344d7) Importer(815301076,1909f56bfc062723c751e8b465ee728b)  -> (artifact id: '0fab9e787c09144e321e0187384ab9b9') in 0.011776 seconds 
========================================================================
Received Import Request.
  Time since last request: 0.000023 seconds.
  path: Assets/Ruslan Kim/Stylized hex fields/Art/decor/rocks03.png
  artifactKey: Guid(b13c78ff0d8ec4b38bc7c735dbed4951) Importer(815301076,1909f56bfc062723c751e8b465ee728b)
Start importing Assets/Ruslan Kim/Stylized hex fields/Art/decor/rocks03.png using Guid(b13c78ff0d8ec4b38bc7c735dbed4951) Importer(815301076,1909f56bfc062723c751e8b465ee728b)  -> (artifact id: '08ede374d3cf0e63187790199958811d') in 0.016590 seconds 
========================================================================
Received Import Request.
  Time since last request: 293.692501 seconds.
  path: Packages/com.unity.2d.sprite/Editor/ObjectMenuCreation/DefaultAssets/Textures/v2/HexagonFlatTop.png
  artifactKey: Guid(b670ab75dde984907b8570040daa08c5) Importer(815301076,1909f56bfc062723c751e8b465ee728b)
Start importing Packages/com.unity.2d.sprite/Editor/ObjectMenuCreation/DefaultAssets/Textures/v2/HexagonFlatTop.png using Guid(b670ab75dde984907b8570040daa08c5) Importer(815301076,1909f56bfc062723c751e8b465ee728b)  -> (artifact id: '0aab7f168f6ae4c4adcb06793fb3a526') in 0.011232 seconds 
========================================================================
Received Import Request.
  Time since last request: 24.480549 seconds.
  path: Assets/AnimalPrefab/Gazelle.prefab
  artifactKey: Guid(d68d2c287c1caa2468f890eacf39facf) Importer(815301076,1909f56bfc062723c751e8b465ee728b)
Start importing Assets/AnimalPrefab/Gazelle.prefab using Guid(d68d2c287c1caa2468f890eacf39facf) Importer(815301076,1909f56bfc062723c751e8b465ee728b)  -> (artifact id: '3684563b2c15a4d630416239be7d639b') in 0.037115 seconds 
========================================================================
Received Import Request.
  Time since last request: 0.000019 seconds.
  path: Assets/AnimalPrefab/Giaffe2.prefab
  artifactKey: Guid(2c804abdbd60bec498b8b57236027e24) Importer(815301076,1909f56bfc062723c751e8b465ee728b)
Start importing Assets/AnimalPrefab/Giaffe2.prefab using Guid(2c804abdbd60bec498b8b57236027e24) Importer(815301076,1909f56bfc062723c751e8b465ee728b)  -> (artifact id: '8f1cffc1930a1de3ddd93191ad5da3e7') in 0.008910 seconds 
========================================================================
Received Import Request.
  Time since last request: 0.000025 seconds.
  path: Assets/AnimalPrefab/Hippo.prefab
  artifactKey: Guid(692dde74a4f7eb249839b65acb16c237) Importer(815301076,1909f56bfc062723c751e8b465ee728b)
Start importing Assets/AnimalPrefab/Hippo.prefab using Guid(692dde74a4f7eb249839b65acb16c237) Importer(815301076,1909f56bfc062723c751e8b465ee728b)  -> (artifact id: '6d554e3d3d0d8d0a17f0a589522f8620') in 0.008384 seconds 
========================================================================
Received Import Request.
  Time since last request: 0.000015 seconds.
  path: Assets/AnimalPrefab/Rabiit.prefab
  artifactKey: Guid(25ea9dd4365c6c44b91beb88ee5f63c6) Importer(815301076,1909f56bfc062723c751e8b465ee728b)
Start importing Assets/AnimalPrefab/Rabiit.prefab using Guid(25ea9dd4365c6c44b91beb88ee5f63c6) Importer(815301076,1909f56bfc062723c751e8b465ee728b)  -> (artifact id: 'aafe361b313467ed072ebf6c02cd9634') in 0.008746 seconds 
========================================================================
Received Import Request.
  Time since last request: 0.000015 seconds.
  path: Assets/AnimalPrefab/Giaffe.prefab
  artifactKey: Guid(ffc26b03972f934459a98c464455018f) Importer(815301076,1909f56bfc062723c751e8b465ee728b)
Start importing Assets/AnimalPrefab/Giaffe.prefab using Guid(ffc26b03972f934459a98c464455018f) Importer(815301076,1909f56bfc062723c751e8b465ee728b)  -> (artifact id: '8a633615053ef6ae0cd0b9f200e4f04c') in 0.007854 seconds 
Editor requested this worker to shutdown with reason: Scaling down because of idle timeout
AssetImportWorker is now disconnected from the server
Process exiting
Exiting without the bug reporter. Application will terminate with return code 0